<?xml version="1.0" encoding="UTF-8"?>
<testng-results ignored="0" total="1" passed="1" failed="0" skipped="0">
  <reporter-output>
  </reporter-output>
  <suite started-at="2020-04-02T21:50:42 EDT" name="calculator.CalculatorTest" finished-at="2020-04-02T21:50:42 EDT" duration-ms="42">
    <groups>
    </groups>
    <test started-at="2020-04-02T21:50:42 EDT" name="Command line test" finished-at="2020-04-02T21:50:42 EDT" duration-ms="42">
      <class name="calculator.CalculatorTest">
        <test-method signature="sumTest()[pri:0, instance:calculator.CalculatorTest@130161f7]" started-at="2020-04-02T21:50:42 EDT" name="sumTest" finished-at="2020-04-02T21:50:42 EDT" duration-ms="6" status="PASS">
          <reporter-output>
          </reporter-output>
        </test-method> <!-- sumTest -->
      </class> <!-- calculator.CalculatorTest -->
    </test> <!-- Command line test -->
  </suite> <!-- calculator.CalculatorTest -->
</testng-results>
